<?xml version="1.0" encoding="UTF-8"?>
<testsuite xmlns:xsi="http://www.w3.org/2001/XMLSchema-instance" xsi:noNamespaceSchemaLocation="https://maven.apache.org/surefire/maven-surefire-plugin/xsd/surefire-test-report.xsd" name="runner.TestRunner" time="0.656" tests="20" errors="0" skipped="0" failures="0">
  <properties>
[...]
</properties>
  <testcase name="Given user calculated 1/0" classname="Scenario: check login with valid credentials" time="0.001"/>
  <testcase name="When user enters valid username and password" classname="Scenario: check login with valid credentials" time="0"/>
  <testcase name="When user enters valid username and password" classname="Scenario: check login with valid credentials" time="0"/>
  <testcase name="And clicks on login button" classname="Scenario: check login with valid credentials" time="0"/>
  <testcase name="And clicks on login button" classname="Scenario: check login with valid credentials" time="0"/>
  <testcase name="Then user is navigated to home page" classname="Scenario: check login with valid credentials" time="0"/>
  <testcase name="Then user is navigated to home page" classname="Scenario: check login with valid credentials" time="0"/>
  <testcase name="Scenario: check login with valid credentials" classname="Scenario: check login with valid credentials" time="0"/>
  <testcase name="Scenario: check login with valid credentials" classname="Scenario: check login with valid credentials" time="0"/>
  <testcase name="Given user is on login page" classname="Scenario: check login with invalid credentials" time="0"/>
  <testcase name="Given user is on login page" classname="Scenario: check login with invalid credentials" time="0"/>
  <testcase name="When user enters valid username and password" classname="Scenario: check login with invalid credentials" time="0"/>
  <testcase name="When user enters valid username and password" classname="Scenario: check login with invalid credentials" time="0"/>
  <testcase name="And clicks on login button" classname="Scenario: check login with invalid credentials" time="0"/>
  <testcase name="And clicks on login button" classname="Scenario: check login with invalid credentials" time="0"/>
  <testcase name="Then error message is displayed invalid credentials" classname="Scenario: check login with invalid credentials" time="0"/>
  <testcase name="Then error message is displayed invalid credentials" classname="Scenario: check login with invalid credentials" time="0.002"/>
  <testcase name="Scenario: check login with invalid credentials" classname="Scenario: check login with invalid credentials" time="0"/>
  <testcase name="Scenario: check login with invalid credentials" classname="Scenario: check login with invalid credentials" time="0.002"/>
  <testcase name="Given user is on login page" classname="Scenario: check login with valid credentials" time="0"/>
</testsuite>